Build started at 2019-01-13T18:47:26.316914
Main binary: /usr/bin/python3
Python system: Linux
The Meson build system
Version: 0.49.0
Source dir: /home/stifler55/universidade/4/Cripto/TS/FUSElada/fuse-3.4.1
Build dir: /home/stifler55/universidade/4/Cripto/TS/FUSElada/fuse-3.4.1/build
Build type: native build
Project name: libfuse3
Project version: 3.4.1
Sanity testing C compiler: cc
Is cross compiler: False.
Sanity check compiler command line: cc /home/stifler55/universidade/4/Cripto/TS/FUSElada/fuse-3.4.1/build/meson-private/sanitycheckc.c -o /home/stifler55/universidade/4/Cripto/TS/FUSElada/fuse-3.4.1/build/meson-private/sanitycheckc.exe
Sanity check compile stdout:

-----
Sanity check compile stderr:

-----
Running test binary command: /home/stifler55/universidade/4/Cripto/TS/FUSElada/fuse-3.4.1/build/meson-private/sanitycheckc.exe
Native C compiler: cc (gcc 8.2.0 "cc (Debian 8.2.0-13) 8.2.0")
Build machine cpu family: x86_64
Build machine cpu: x86_64
Running compile:
Working directory:  /tmp/tmp7f9r_uhh
Command line:  cc /tmp/tmp7f9r_uhh/testfile.c -pipe -D_FILE_OFFSET_BITS=64 -o /tmp/tmp7f9r_uhh/output.exe -O0 -D_GNU_SOURCE 

Code:
 
#include <stdio.h>
#include <stdlib.h>
#include <stddef.h>
#include <unistd.h>
#include <sys/types.h>
#include <sys/stat.h>
#include <fcntl.h>

#include <limits.h>

        #if defined __stub_fork || defined __stub___fork
        fail fail fail this function is not going to work
        #endif
        
int main() {
            void *a = (void*) &fork;
            long b = (long) a;
            return (int) b;
        }
Compiler stdout:
 
Compiler stderr:
 
Checking for function "fork" : YES
Running compile:
Working directory:  /tmp/tmppmn6l1al
Command line:  cc /tmp/tmppmn6l1al/testfile.c -pipe -D_FILE_OFFSET_BITS=64 -o /tmp/tmppmn6l1al/output.exe -O0 -D_GNU_SOURCE 

Code:
 
#include <stdio.h>
#include <stdlib.h>
#include <stddef.h>
#include <unistd.h>
#include <sys/types.h>
#include <sys/stat.h>
#include <fcntl.h>

#include <limits.h>

        #if defined __stub_fstatat || defined __stub___fstatat
        fail fail fail this function is not going to work
        #endif
        
int main() {
            void *a = (void*) &fstatat;
            long b = (long) a;
            return (int) b;
        }
Compiler stdout:
 
Compiler stderr:
 
Checking for function "fstatat" : YES
Running compile:
Working directory:  /tmp/tmpn7tw814o
Command line:  cc /tmp/tmpn7tw814o/testfile.c -pipe -D_FILE_OFFSET_BITS=64 -o /tmp/tmpn7tw814o/output.exe -O0 -D_GNU_SOURCE 

Code:
 
#include <stdio.h>
#include <stdlib.h>
#include <stddef.h>
#include <unistd.h>
#include <sys/types.h>
#include <sys/stat.h>
#include <fcntl.h>

#include <limits.h>

        #if defined __stub_openat || defined __stub___openat
        fail fail fail this function is not going to work
        #endif
        
int main() {
            void *a = (void*) &openat;
            long b = (long) a;
            return (int) b;
        }
Compiler stdout:
 
Compiler stderr:
 
Checking for function "openat" : YES
Running compile:
Working directory:  /tmp/tmpb6j9p4mz
Command line:  cc /tmp/tmpb6j9p4mz/testfile.c -pipe -D_FILE_OFFSET_BITS=64 -o /tmp/tmpb6j9p4mz/output.exe -O0 -D_GNU_SOURCE 

Code:
 
#include <stdio.h>
#include <stdlib.h>
#include <stddef.h>
#include <unistd.h>
#include <sys/types.h>
#include <sys/stat.h>
#include <fcntl.h>

#include <limits.h>

        #if defined __stub_readlinkat || defined __stub___readlinkat
        fail fail fail this function is not going to work
        #endif
        
int main() {
            void *a = (void*) &readlinkat;
            long b = (long) a;
            return (int) b;
        }
Compiler stdout:
 
Compiler stderr:
 
Checking for function "readlinkat" : YES
Running compile:
Working directory:  /tmp/tmph1ihnijw
Command line:  cc /tmp/tmph1ihnijw/testfile.c -pipe -D_FILE_OFFSET_BITS=64 -o /tmp/tmph1ihnijw/output.exe -O0 -D_GNU_SOURCE 

Code:
 
#include <stdio.h>
#include <stdlib.h>
#include <stddef.h>
#include <unistd.h>
#include <sys/types.h>
#include <sys/stat.h>
#include <fcntl.h>

#include <limits.h>

        #if defined __stub_pipe2 || defined __stub___pipe2
        fail fail fail this function is not going to work
        #endif
        
int main() {
            void *a = (void*) &pipe2;
            long b = (long) a;
            return (int) b;
        }
Compiler stdout:
 
Compiler stderr:
 
Checking for function "pipe2" : YES
Running compile:
Working directory:  /tmp/tmpazrbvxx4
Command line:  cc /tmp/tmpazrbvxx4/testfile.c -pipe -D_FILE_OFFSET_BITS=64 -o /tmp/tmpazrbvxx4/output.exe -O0 -D_GNU_SOURCE 

Code:
 
#include <stdio.h>
#include <stdlib.h>
#include <stddef.h>
#include <unistd.h>
#include <sys/types.h>
#include <sys/stat.h>
#include <fcntl.h>

#include <limits.h>

        #if defined __stub_splice || defined __stub___splice
        fail fail fail this function is not going to work
        #endif
        
int main() {
            void *a = (void*) &splice;
            long b = (long) a;
            return (int) b;
        }
Compiler stdout:
 
Compiler stderr:
 
Checking for function "splice" : YES
Running compile:
Working directory:  /tmp/tmp3a2zskht
Command line:  cc /tmp/tmp3a2zskht/testfile.c -pipe -D_FILE_OFFSET_BITS=64 -o /tmp/tmp3a2zskht/output.exe -O0 -D_GNU_SOURCE 

Code:
 
#include <stdio.h>
#include <stdlib.h>
#include <stddef.h>
#include <unistd.h>
#include <sys/types.h>
#include <sys/stat.h>
#include <fcntl.h>

#include <limits.h>

        #if defined __stub_vmsplice || defined __stub___vmsplice
        fail fail fail this function is not going to work
        #endif
        
int main() {
            void *a = (void*) &vmsplice;
            long b = (long) a;
            return (int) b;
        }
Compiler stdout:
 
Compiler stderr:
 
Checking for function "vmsplice" : YES
Running compile:
Working directory:  /tmp/tmph9cf4jfz
Command line:  cc /tmp/tmph9cf4jfz/testfile.c -pipe -D_FILE_OFFSET_BITS=64 -o /tmp/tmph9cf4jfz/output.exe -O0 -D_GNU_SOURCE 

Code:
 
#include <stdio.h>
#include <stdlib.h>
#include <stddef.h>
#include <unistd.h>
#include <sys/types.h>
#include <sys/stat.h>
#include <fcntl.h>

#include <limits.h>

        #if defined __stub_posix_fallocate || defined __stub___posix_fallocate
        fail fail fail this function is not going to work
        #endif
        
int main() {
            void *a = (void*) &posix_fallocate;
            long b = (long) a;
            return (int) b;
        }
Compiler stdout:
 
Compiler stderr:
 
Checking for function "posix_fallocate" : YES
Running compile:
Working directory:  /tmp/tmp5c715cv9
Command line:  cc /tmp/tmp5c715cv9/testfile.c -pipe -D_FILE_OFFSET_BITS=64 -o /tmp/tmp5c715cv9/output.exe -O0 -D_GNU_SOURCE 

Code:
 
#include <stdio.h>
#include <stdlib.h>
#include <stddef.h>
#include <unistd.h>
#include <sys/types.h>
#include <sys/stat.h>
#include <fcntl.h>

#include <limits.h>

        #if defined __stub_fdatasync || defined __stub___fdatasync
        fail fail fail this function is not going to work
        #endif
        
int main() {
            void *a = (void*) &fdatasync;
            long b = (long) a;
            return (int) b;
        }
Compiler stdout:
 
Compiler stderr:
 
Checking for function "fdatasync" : YES
Running compile:
Working directory:  /tmp/tmpv85kde6u
Command line:  cc /tmp/tmpv85kde6u/testfile.c -pipe -D_FILE_OFFSET_BITS=64 -o /tmp/tmpv85kde6u/output.exe -O0 -D_GNU_SOURCE 

Code:
 
#include <stdio.h>
#include <stdlib.h>
#include <stddef.h>
#include <unistd.h>
#include <sys/types.h>
#include <sys/stat.h>
#include <fcntl.h>

#include <limits.h>

        #if defined __stub_utimensat || defined __stub___utimensat
        fail fail fail this function is not going to work
        #endif
        
int main() {
            void *a = (void*) &utimensat;
            long b = (long) a;
            return (int) b;
        }
Compiler stdout:
 
Compiler stderr:
 
Checking for function "utimensat" : YES
Running compile:
Working directory:  /tmp/tmp0elwwz9e
Command line:  cc /tmp/tmp0elwwz9e/testfile.c -pipe -D_FILE_OFFSET_BITS=64 -o /tmp/tmp0elwwz9e/output.exe -O0 -D_GNU_SOURCE 

Code:
 
#include <stdio.h>
#include <stdlib.h>
#include <stddef.h>
#include <unistd.h>
#include <sys/types.h>
#include <sys/stat.h>
#include <fcntl.h>

#include <limits.h>

        #if defined __stub_copy_file_range || defined __stub___copy_file_range
        fail fail fail this function is not going to work
        #endif
        
int main() {
            void *a = (void*) &copy_file_range;
            long b = (long) a;
            return (int) b;
        }
Compiler stdout:
 
Compiler stderr:
 
Checking for function "copy_file_range" : YES
Running compile:
Working directory:  /tmp/tmpuse140as
Command line:  cc /tmp/tmpuse140as/testfile.c -pipe -D_FILE_OFFSET_BITS=64 -o /tmp/tmpuse140as/output.exe -O0 

Code:
 #include <sys/xattr.h>
#include <limits.h>

        #if defined __stub_setxattr || defined __stub___setxattr
        fail fail fail this function is not going to work
        #endif
        
int main() {
            void *a = (void*) &setxattr;
            long b = (long) a;
            return (int) b;
        }
Compiler stdout:
 
Compiler stderr:
 
Checking for function "setxattr" : YES
Running compile:
Working directory:  /tmp/tmpwykq5d1v
Command line:  cc /tmp/tmpwykq5d1v/testfile.c -pipe -D_FILE_OFFSET_BITS=64 -o /tmp/tmpwykq5d1v/output.exe -O0 

Code:
 #include <iconv.h>
#include <limits.h>

        #if defined __stub_iconv || defined __stub___iconv
        fail fail fail this function is not going to work
        #endif
        
int main() {
            void *a = (void*) &iconv;
            long b = (long) a;
            return (int) b;
        }
Compiler stdout:
 
Compiler stderr:
 
Checking for function "iconv" : YES
Running compile:
Working directory:  /tmp/tmpl42eykz6
Command line:  cc /tmp/tmpl42eykz6/testfile.c -pipe -D_FILE_OFFSET_BITS=64 -c -o /tmp/tmpl42eykz6/output.obj -O0 -D_GNU_SOURCE 

Code:
 
#include <stdio.h>
#include <stdlib.h>
#include <stddef.h>
#include <unistd.h>
#include <sys/types.h>
#include <sys/stat.h>
#include <fcntl.h>

        void bar() {
            struct stat foo;
            foo.st_atim;

        };
Compiler stdout:
 
Compiler stderr:
 
Checking whether type "struct stat" has member "st_atim" : YES
Running compile:
Working directory:  /tmp/tmp4jeosutg
Command line:  cc /tmp/tmp4jeosutg/testfile.c -pipe -D_FILE_OFFSET_BITS=64 -c -o /tmp/tmp4jeosutg/output.obj -O0 -D_GNU_SOURCE 

Code:
 
#include <stdio.h>
#include <stdlib.h>
#include <stddef.h>
#include <unistd.h>
#include <sys/types.h>
#include <sys/stat.h>
#include <fcntl.h>

        void bar() {
            struct stat foo;
            foo.st_atimespec;

        };
Compiler stdout:
 
Compiler stderr:
 /tmp/tmp4jeosutg/testfile.c: In function 'bar':
/tmp/tmp4jeosutg/testfile.c:12:17: error: 'struct stat' has no member named 'st_atimespec'; did you mean 'st_atim'?
             foo.st_atimespec;
                 ^~~~~~~~~~~~
                 st_atim

Checking whether type "struct stat" has member "st_atimespec" : NO
Configuring config.h using configuration
Running compile:
Working directory:  /tmp/tmpedl6gb2d
Command line:  cc /tmp/tmpedl6gb2d/testfile.c -pipe -D_FILE_OFFSET_BITS=64 -c -o /tmp/tmpedl6gb2d/output.obj -O0 -O0 -Werror=unused-result 

Code:
 
__attribute__((warn_unused_result)) int get_4() {
    return 4;
}
int main(void) {
    (void) get_4();
    return 0;
}
Compiler stdout:
 
Compiler stderr:
 /tmp/tmpedl6gb2d/testfile.c: In function 'main':
/tmp/tmpedl6gb2d/testfile.c:6:12: error: ignoring return value of 'get_4', declared with attribute warn_unused_result [-Werror=unused-result]
     (void) get_4();
            ^~~~~~~
cc1: some warnings being treated as errors

Message: Compiler warns about unused result even when casting to void
Dependency threads found: YES 
Running compile:
Working directory:  /tmp/tmp3_3inld0
Command line:  cc /tmp/tmp3_3inld0/testfile.c -pipe -D_FILE_OFFSET_BITS=64 -o /tmp/tmp3_3inld0/output.exe -O0 -Wl,--start-group -ldl -Wl,--end-group -Wl,--allow-shlib-undefined 

Code:
 int main(int argc, char **argv) { return 0; }
Compiler stdout:
 
Compiler stderr:
 
Library dl found: YES
Running compile:
Working directory:  /tmp/tmpgav1d0g4
Command line:  cc /tmp/tmpgav1d0g4/testfile.c -pipe -D_FILE_OFFSET_BITS=64 -o /tmp/tmpgav1d0g4/output.exe -O0 -Wl,--start-group -lrt -Wl,--end-group -Wl,--allow-shlib-undefined 

Code:
 int main(int argc, char **argv) { return 0; }
Compiler stdout:
 
Compiler stderr:
 
Library rt found: YES
Adding test "wrong_command"
Found pkg-config: /usr/bin/pkg-config (0.29)
Determining dependency 'udev' with pkg-config executable '/usr/bin/pkg-config'
Called `/usr/bin/pkg-config --modversion udev` -> 0
240
Called `/usr/bin/pkg-config --cflags udev` -> 0

Called `/usr/bin/pkg-config udev --libs` -> 0

Called `/usr/bin/pkg-config udev --libs` -> 0

Dependency udev found: YES 240
Called `/usr/bin/pkg-config --variable=udevdir udev` -> 0
/lib/udev
Got pkgconfig variable udevdir : /lib/udev
Program install_helper.sh found: YES (/home/stifler55/universidade/4/Cripto/TS/FUSElada/fuse-3.4.1/util/install_helper.sh)
Build targets in project: 25
Found ninja-1.8.2 at /usr/bin/ninja
Running compile:
Working directory:  /tmp/tmp1o9zmqur
Command line:  cc /tmp/tmp1o9zmqur/testfile.c -pipe -D_FILE_OFFSET_BITS=64 -c -o /tmp/tmp1o9zmqur/output.obj -O0 --print-search-dirs 

Code:
 
Compiler stdout:
 install: /usr/lib/gcc/x86_64-linux-gnu/8/
programs: =/usr/lib/gcc/x86_64-linux-gnu/8/:/usr/lib/gcc/x86_64-linux-gnu/8/:/usr/lib/gcc/x86_64-linux-gnu/:/usr/lib/gcc/x86_64-linux-gnu/8/:/usr/lib/gcc/x86_64-linux-gnu/:/usr/lib/gcc/x86_64-linux-gnu/8/../../../../x86_64-linux-gnu/bin/x86_64-linux-gnu/8/:/usr/lib/gcc/x86_64-linux-gnu/8/../../../../x86_64-linux-gnu/bin/x86_64-linux-gnu/:/usr/lib/gcc/x86_64-linux-gnu/8/../../../../x86_64-linux-gnu/bin/
libraries: =/usr/lib/gcc/x86_64-linux-gnu/8/:/usr/lib/gcc/x86_64-linux-gnu/8/../../../../x86_64-linux-gnu/lib/x86_64-linux-gnu/8/:/usr/lib/gcc/x86_64-linux-gnu/8/../../../../x86_64-linux-gnu/lib/x86_64-linux-gnu/:/usr/lib/gcc/x86_64-linux-gnu/8/../../../../x86_64-linux-gnu/lib/../lib/:/usr/lib/gcc/x86_64-linux-gnu/8/../../../x86_64-linux-gnu/8/:/usr/lib/gcc/x86_64-linux-gnu/8/../../../x86_64-linux-gnu/:/usr/lib/gcc/x86_64-linux-gnu/8/../../../../lib/:/lib/x86_64-linux-gnu/8/:/lib/x86_64-linux-gnu/:/lib/../lib/:/usr/lib/x86_64-linux-gnu/8/:/usr/lib/x86_64-linux-gnu/:/usr/lib/../lib/:/usr/lib/gcc/x86_64-linux-gnu/8/../../../../x86_64-linux-gnu/lib/:/usr/lib/gcc/x86_64-linux-gnu/8/../../../:/lib/:/usr/lib/

Compiler stderr:
 
